Using pre-set license
Built from '2020.3/release' branch; Version is '2020.3.7f1 (dd97f2c94397) revision 14522354'; Using compiler version '192528614'; Build Type 'Release'
OS: 'Windows 10 Pro; OS build 19043.1526; Version 2009; 64bit' Language: 'es' Physical Memory: 16334 MB
BatchMode: 1, IsHumanControllingUs: 0, StartBugReporterOnCrash: 0, Is64bit: 1, IsPro: 0

 COMMAND LINE ARGUMENTS:
C:\Program Files\Unity\Hub\Editor\2020.3.7f1\Editor\Unity.exe
-adb2
-batchMode
-noUpm
-name
AssetImportWorker0
-projectPath
E:/Unity Projects/Rise_Of_The_Dead_Ones
-logFile
Logs/AssetImportWorker0.log
-srvPort
56723
Successfully changed project path to: E:/Unity Projects/Rise_Of_The_Dead_Ones
E:/Unity Projects/Rise_Of_The_Dead_Ones
Using Asset Import Pipeline V2.
Refreshing native plugins compatible for Editor in 35.66 ms, found 3 plugins.
Preloading 0 native plugins for Editor in 0.00 ms.
Initialize engine version: 2020.3.7f1 (dd97f2c94397)
[Subsystems] Discovering subsystems at path C:/Program Files/Unity/Hub/Editor/2020.3.7f1/Editor/Data/Resources/UnitySubsystems
[Subsystems] Discovering subsystems at path E:/Unity Projects/Rise_Of_The_Dead_Ones/Assets
GfxDevice: creating device client; threaded=0
Direct3D:
    Version:  Direct3D 11.0 [level 11.1]
    Renderer: Radeon RX 590 Series (ID=0x67df)
    Vendor:   
    VRAM:     8171 MB
    Driver:   30.0.13037.1003
Initialize mono
Mono path[0] = 'C:/Program Files/Unity/Hub/Editor/2020.3.7f1/Editor/Data/Managed'
Mono path[1] = 'C:/Program Files/Unity/Hub/Editor/2020.3.7f1/Editor/Data/MonoBleedingEdge/lib/mono/unityjit'
Mono config path = 'C:/Program Files/Unity/Hub/Editor/2020.3.7f1/Editor/Data/MonoBleedingEdge/etc'
Using monoOptions --debugger-agent=transport=dt_socket,embedding=1,server=y,suspend=n,address=127.0.0.1:56364
Begin MonoManager ReloadAssembly
Registering precompiled unity dll's ...
Register platform support module: C:/Program Files/Unity/Hub/Editor/2020.3.7f1/Editor/Data/PlaybackEngines/WebGLSupport/UnityEditor.WebGL.Extensions.dll
Register platform support module: C:/Program Files/Unity/Hub/Editor/2020.3.7f1/Editor/Data/PlaybackEngines/WindowsStandaloneSupport/UnityEditor.WindowsStandalone.Extensions.dll
Registered in 0.002245 seconds.
Native extension for WindowsStandalone target not found
Native extension for WebGL target not found
Refreshing native plugins compatible for Editor in 35.84 ms, found 3 plugins.
Preloading 0 native plugins for Editor in 0.00 ms.
Mono: successfully reloaded assembly
- Completed reload, in  1.419 seconds
Platform modules already initialized, skipping
Registering precompiled user dll's ...
Registered in 0.002205 seconds.
Begin MonoManager ReloadAssembly
Native extension for WindowsStandalone target not found
Native extension for WebGL target not found
Refreshing native plugins compatible for Editor in 35.35 ms, found 3 plugins.
Preloading 0 native plugins for Editor in 0.00 ms.
Mono: successfully reloaded assembly
- Completed reload, in  0.897 seconds
Platform modules already initialized, skipping
========================================================================
Worker process is ready to serve import requests
Launched and connected shader compiler UnityShaderCompiler.exe after 0.04 seconds
Refreshing native plugins compatible for Editor in 0.49 ms, found 3 plugins.
Preloading 0 native plugins for Editor in 0.00 ms.
Unloading 2122 Unused Serialized files (Serialized files now loaded: 0)
System memory in use before: 93.8 MB.
System memory in use after: 93.9 MB.

Unloading 28 unused Assets to reduce memory usage. Loaded Objects now: 2562.
Total: 2.075500 ms (FindLiveObjects: 0.218600 ms CreateObjectMapping: 0.059100 ms MarkObjects: 1.726500 ms  DeleteObjects: 0.070400 ms)

========================================================================
Received Import Request.
  path: Assets/Assets/gothicvania-cemetery-files/PNG
  artifactKey: Guid(ebc2cd939f29b894fa3c3a112a71c3ac) Importer(815301076,1909f56bfc062723c751e8b465ee728b)
Start importing Assets/Assets/gothicvania-cemetery-files/PNG using Guid(ebc2cd939f29b894fa3c3a112a71c3ac) Importer(815301076,1909f56bfc062723c751e8b465ee728b)  -> (artifact id: '85965d4db09121d77c0968afe3cdc191') in 0.023906 seconds
  Import took 0.027037 seconds .

========================================================================
Received Import Request.
  Time since last request: 0.000157 seconds.
  path: Assets/Assets/gothicvania-cemetery-files
  artifactKey: Guid(6cea2c5c58a8a4e4796d641d74cd6059) Importer(815301076,1909f56bfc062723c751e8b465ee728b)
Start importing Assets/Assets/gothicvania-cemetery-files using Guid(6cea2c5c58a8a4e4796d641d74cd6059) Importer(815301076,1909f56bfc062723c751e8b465ee728b)  -> (artifact id: '487dd1add490714ca80947c8d1f44bd6') in 0.020519 seconds
  Import took 0.023107 seconds .

========================================================================
Received Import Request.
  Time since last request: 0.026387 seconds.
  path: Assets/Assets/gothicvania-cemetery-files/PNG/Sprites
  artifactKey: Guid(d1ab25e7e5960ff4bbbd00d20aa1f296) Importer(815301076,1909f56bfc062723c751e8b465ee728b)
Start importing Assets/Assets/gothicvania-cemetery-files/PNG/Sprites using Guid(d1ab25e7e5960ff4bbbd00d20aa1f296) Importer(815301076,1909f56bfc062723c751e8b465ee728b)  -> (artifact id: '8f90a4ff94c38f65e6e45b31248e9685') in 0.020806 seconds
  Import took 0.023887 seconds .

========================================================================
Received Import Request.
  Time since last request: 0.026266 seconds.
  path: Assets/Assets/gothicvania-cemetery-files/PNG/Sprites/5a29dedfa40cd1.144161781512693471672.png
  artifactKey: Guid(f1ad42b41ec51b1458a5f7bb3490cf30) Importer(815301076,1909f56bfc062723c751e8b465ee728b)
Start importing Assets/Assets/gothicvania-cemetery-files/PNG/Sprites/5a29dedfa40cd1.144161781512693471672.png using Guid(f1ad42b41ec51b1458a5f7bb3490cf30) Importer(815301076,1909f56bfc062723c751e8b465ee728b)  -> (artifact id: 'a00f89aa129a7104301a8e5a3fb8c645') in 0.137257 seconds
  Import took 0.141041 seconds .

========================================================================
Received Import Request.
  Time since last request: 6.409354 seconds.
  path: Assets/Assets/gothicvania-cemetery-files/PNG/Environment
  artifactKey: Guid(9bce823a730d7a244802418598b65aa0) Importer(815301076,1909f56bfc062723c751e8b465ee728b)
Start importing Assets/Assets/gothicvania-cemetery-files/PNG/Environment using Guid(9bce823a730d7a244802418598b65aa0) Importer(815301076,1909f56bfc062723c751e8b465ee728b)  -> (artifact id: 'e20aef723ef280b20628d3fd927c90df') in 0.020717 seconds
  Import took 0.023790 seconds .

========================================================================
Received Import Request.
  Time since last request: 0.034405 seconds.
  path: Assets/Assets/gothicvania-cemetery-files/PNG/Environment/background.png
  artifactKey: Guid(0103ba17cd1a446fc9cdaf32df336b21) Importer(815301076,1909f56bfc062723c751e8b465ee728b)
Start importing Assets/Assets/gothicvania-cemetery-files/PNG/Environment/background.png using Guid(0103ba17cd1a446fc9cdaf32df336b21) Importer(815301076,1909f56bfc062723c751e8b465ee728b)  -> (artifact id: '50c989ae3a601255334c750ef9deae44') in 0.028456 seconds
  Import took 0.031515 seconds .

========================================================================
Received Import Request.
  Time since last request: 0.000161 seconds.
  path: Assets/Assets/gothicvania-cemetery-files/PNG/Environment/tileset-sliced_2.asset
  artifactKey: Guid(2d47dbb11ad933d418439a96995f2d4b) Importer(815301076,1909f56bfc062723c751e8b465ee728b)
Start importing Assets/Assets/gothicvania-cemetery-files/PNG/Environment/tileset-sliced_2.asset using Guid(2d47dbb11ad933d418439a96995f2d4b) Importer(815301076,1909f56bfc062723c751e8b465ee728b)  -> (artifact id: '1af1c27fceebd50aa106ffdaad35dc1e') in 0.038167 seconds
  Import took 0.040935 seconds .

========================================================================
Received Import Request.
  Time since last request: 0.000172 seconds.
  path: Assets/Assets/gothicvania-cemetery-files/PNG/Environment/tileset-sliced_6.asset
  artifactKey: Guid(eb0785599b5add94f92867e6c262da60) Importer(815301076,1909f56bfc062723c751e8b465ee728b)
Start importing Assets/Assets/gothicvania-cemetery-files/PNG/Environment/tileset-sliced_6.asset using Guid(eb0785599b5add94f92867e6c262da60) Importer(815301076,1909f56bfc062723c751e8b465ee728b)  -> (artifact id: 'e7d4d8f376bb3647b06f3f748e6d291a') in 0.024214 seconds
  Import took 0.026979 seconds .

========================================================================
Received Import Request.
  Time since last request: 0.000140 seconds.
  path: Assets/Assets/gothicvania-cemetery-files/PNG/Environment/tileset.png
  artifactKey: Guid(a500833a967fd425887142e95e2ca16c) Importer(815301076,1909f56bfc062723c751e8b465ee728b)
Start importing Assets/Assets/gothicvania-cemetery-files/PNG/Environment/tileset.png using Guid(a500833a967fd425887142e95e2ca16c) Importer(815301076,1909f56bfc062723c751e8b465ee728b)  -> (artifact id: '5fe576181896180d814359c34e7d3b36') in 0.039568 seconds
  Import took 0.042248 seconds .

========================================================================
Received Import Request.
  Time since last request: 0.000168 seconds.
  path: Assets/Assets/gothicvania-cemetery-files/PNG/Environment/graveyard.png
  artifactKey: Guid(9cd985ddd054f41ac85727656c9ecc36) Importer(815301076,1909f56bfc062723c751e8b465ee728b)
Start importing Assets/Assets/gothicvania-cemetery-files/PNG/Environment/graveyard.png using Guid(9cd985ddd054f41ac85727656c9ecc36) Importer(815301076,1909f56bfc062723c751e8b465ee728b)  -> (artifact id: 'b44dd573ff336579fb59d2f63af5c201') in 0.025592 seconds
  Import took 0.028260 seconds .

========================================================================
Received Import Request.
  Time since last request: 0.000159 seconds.
  path: Assets/Assets/gothicvania-cemetery-files/PNG/Environment/true.png
  artifactKey: Guid(acdace522b4ebc64ba788aa1eb5acc48) Importer(815301076,1909f56bfc062723c751e8b465ee728b)
Start importing Assets/Assets/gothicvania-cemetery-files/PNG/Environment/true.png using Guid(acdace522b4ebc64ba788aa1eb5acc48) Importer(815301076,1909f56bfc062723c751e8b465ee728b)  -> (artifact id: 'c56837fff0f8a1f4f55179f3b33ae048') in 0.039151 seconds
  Import took 0.041953 seconds .

========================================================================
Received Import Request.
  Time since last request: 0.000158 seconds.
  path: Assets/Assets/gothicvania-cemetery-files/PNG/Environment/tileset-sliced.png
  artifactKey: Guid(fc146c2a1ffc840f2bac774e2c421c82) Importer(815301076,1909f56bfc062723c751e8b465ee728b)
Start importing Assets/Assets/gothicvania-cemetery-files/PNG/Environment/tileset-sliced.png using Guid(fc146c2a1ffc840f2bac774e2c421c82) Importer(815301076,1909f56bfc062723c751e8b465ee728b)  -> (artifact id: '33da128d62fd3b3d0e0e94e136e9477d') in 0.036221 seconds
  Import took 0.038897 seconds .

========================================================================
Received Import Request.
  Time since last request: 0.000169 seconds.
  path: Assets/Assets/gothicvania-cemetery-files/PNG/Environment/tileset-sliced.asset
  artifactKey: Guid(34991cd662a054b8ababee5b92c20e28) Importer(815301076,1909f56bfc062723c751e8b465ee728b)
Start importing Assets/Assets/gothicvania-cemetery-files/PNG/Environment/tileset-sliced.asset using Guid(34991cd662a054b8ababee5b92c20e28) Importer(815301076,1909f56bfc062723c751e8b465ee728b)  -> (artifact id: '63fdb3d6271b569c956993426421bb79') in 0.021474 seconds
  Import took 0.024261 seconds .

========================================================================
Received Import Request.
  Time since last request: 0.000169 seconds.
  path: Assets/Assets/gothicvania-cemetery-files/PNG/Environment/tileset-sliced_0.asset
  artifactKey: Guid(f8af280d539540d438833a24ede7190b) Importer(815301076,1909f56bfc062723c751e8b465ee728b)
Start importing Assets/Assets/gothicvania-cemetery-files/PNG/Environment/tileset-sliced_0.asset using Guid(f8af280d539540d438833a24ede7190b) Importer(815301076,1909f56bfc062723c751e8b465ee728b)  -> (artifact id: '6dfaaa6bd680b47e0f73bf7806777fec') in 0.023784 seconds
  Import took 0.026475 seconds .

========================================================================
Received Import Request.
  Time since last request: 0.000151 seconds.
  path: Assets/Assets/gothicvania-cemetery-files/PNG/Environment/true_7.asset
  artifactKey: Guid(61ebf82d1470e1a4f892b3d17ed5f1fb) Importer(815301076,1909f56bfc062723c751e8b465ee728b)
Start importing Assets/Assets/gothicvania-cemetery-files/PNG/Environment/true_7.asset using Guid(61ebf82d1470e1a4f892b3d17ed5f1fb) Importer(815301076,1909f56bfc062723c751e8b465ee728b)  -> (artifact id: '6fbdc9f16a2a1ee0f30ffed039f4aa22') in 0.024351 seconds
  Import took 0.027170 seconds .

========================================================================
Received Import Request.
  Time since last request: 0.000195 seconds.
  path: Assets/Assets/gothicvania-cemetery-files/PNG/Environment/graveyard.asset
  artifactKey: Guid(0ae0a8457beff49ea81c0c68619c3c08) Importer(815301076,1909f56bfc062723c751e8b465ee728b)
Start importing Assets/Assets/gothicvania-cemetery-files/PNG/Environment/graveyard.asset using Guid(0ae0a8457beff49ea81c0c68619c3c08) Importer(815301076,1909f56bfc062723c751e8b465ee728b)  -> (artifact id: '2ad106fd1e7b980ef7125a6a761d6f98') in 0.023773 seconds
  Import took 0.026597 seconds .

========================================================================
Received Import Request.
  Time since last request: 0.000153 seconds.
  path: Assets/Assets/gothicvania-cemetery-files/PNG/Environment/objects.png
  artifactKey: Guid(df6aff15db64344c4bc3e92f439f3bd7) Importer(815301076,1909f56bfc062723c751e8b465ee728b)
Start importing Assets/Assets/gothicvania-cemetery-files/PNG/Environment/objects.png using Guid(df6aff15db64344c4bc3e92f439f3bd7) Importer(815301076,1909f56bfc062723c751e8b465ee728b)  -> (artifact id: '8bcab74f87fa1e6cb46c7e8900a995bb') in 0.033030 seconds
  Import took 0.035729 seconds .

========================================================================
Received Import Request.
  Time since last request: 0.000176 seconds.
  path: Assets/Assets/gothicvania-cemetery-files/PNG/Environment/mountains.png
  artifactKey: Guid(64e1918955afd48d79cab8b829fa7da7) Importer(815301076,1909f56bfc062723c751e8b465ee728b)
Start importing Assets/Assets/gothicvania-cemetery-files/PNG/Environment/mountains.png using Guid(64e1918955afd48d79cab8b829fa7da7) Importer(815301076,1909f56bfc062723c751e8b465ee728b)  -> (artifact id: '43f3973658012e71fc8b11a558f1db60') in 0.029421 seconds
  Import took 0.032132 seconds .

========================================================================
Received Import Request.
  Time since last request: 45.956074 seconds.
  path: Assets/Assets/gothicvania-cemetery-files/PNG/Environment/tileset_5.asset
  artifactKey: Guid(be2d5b5b717f7c34f907dcce773bf4c3) Importer(815301076,1909f56bfc062723c751e8b465ee728b)
Start importing Assets/Assets/gothicvania-cemetery-files/PNG/Environment/tileset_5.asset using Guid(be2d5b5b717f7c34f907dcce773bf4c3) Importer(815301076,1909f56bfc062723c751e8b465ee728b)  -> (artifact id: 'fd065e210a8c34461a881d3852f7d9f8') in 0.025712 seconds
  Import took 0.028960 seconds .

========================================================================
Received Prepare
Registering precompiled user dll's ...
Registered in 0.002227 seconds.
Begin MonoManager ReloadAssembly
Native extension for WindowsStandalone target not found
Native extension for WebGL target not found
Refreshing native plugins compatible for Editor in 0.51 ms, found 3 plugins.
Preloading 0 native plugins for Editor in 0.00 ms.
Mono: successfully reloaded assembly
- Completed reload, in  0.799 seconds
Platform modules already initialized, skipping
Refreshing native plugins compatible for Editor in 0.41 ms, found 3 plugins.
Preloading 0 native plugins for Editor in 0.00 ms.
Unloading 2112 Unused Serialized files (Serialized files now loaded: 0)
System memory in use before: 96.3 MB.
System memory in use after: 96.4 MB.

Unloading 16 unused Assets to reduce memory usage. Loaded Objects now: 2599.
Total: 2.120700 ms (FindLiveObjects: 0.216800 ms CreateObjectMapping: 0.049500 ms MarkObjects: 1.833400 ms  DeleteObjects: 0.020100 ms)

========================================================================
Received Prepare
Registering precompiled user dll's ...
Registered in 0.002299 seconds.
Begin MonoManager ReloadAssembly
Native extension for WindowsStandalone target not found
Native extension for WebGL target not found
Refreshing native plugins compatible for Editor in 0.50 ms, found 3 plugins.
Preloading 0 native plugins for Editor in 0.00 ms.
Mono: successfully reloaded assembly
- Completed reload, in  0.809 seconds
Platform modules already initialized, skipping
Refreshing native plugins compatible for Editor in 0.38 ms, found 3 plugins.
Preloading 0 native plugins for Editor in 0.00 ms.
Unloading 2112 Unused Serialized files (Serialized files now loaded: 0)
System memory in use before: 96.3 MB.
System memory in use after: 96.4 MB.

Unloading 16 unused Assets to reduce memory usage. Loaded Objects now: 2603.
Total: 2.001900 ms (FindLiveObjects: 0.239900 ms CreateObjectMapping: 0.049800 ms MarkObjects: 1.694600 ms  DeleteObjects: 0.016400 ms)

========================================================================
Received Prepare
Registering precompiled user dll's ...
Registered in 0.002369 seconds.
Begin MonoManager ReloadAssembly
Native extension for WindowsStandalone target not found
Native extension for WebGL target not found
Refreshing native plugins compatible for Editor in 0.56 ms, found 3 plugins.
Preloading 0 native plugins for Editor in 0.00 ms.
Mono: successfully reloaded assembly
- Completed reload, in  0.808 seconds
Platform modules already initialized, skipping
Refreshing native plugins compatible for Editor in 0.47 ms, found 3 plugins.
Preloading 0 native plugins for Editor in 0.00 ms.
Unloading 2112 Unused Serialized files (Serialized files now loaded: 0)
System memory in use before: 96.3 MB.
System memory in use after: 96.5 MB.

Unloading 16 unused Assets to reduce memory usage. Loaded Objects now: 2607.
Total: 2.182900 ms (FindLiveObjects: 0.245600 ms CreateObjectMapping: 0.047200 ms MarkObjects: 1.868400 ms  DeleteObjects: 0.020600 ms)

========================================================================
Received Prepare
Registering precompiled user dll's ...
Registered in 0.002232 seconds.
Begin MonoManager ReloadAssembly
Native extension for WindowsStandalone target not found
Native extension for WebGL target not found
Refreshing native plugins compatible for Editor in 0.51 ms, found 3 plugins.
Preloading 0 native plugins for Editor in 0.00 ms.
Mono: successfully reloaded assembly
- Completed reload, in  0.797 seconds
Platform modules already initialized, skipping
Refreshing native plugins compatible for Editor in 0.38 ms, found 3 plugins.
Preloading 0 native plugins for Editor in 0.00 ms.
Unloading 2112 Unused Serialized files (Serialized files now loaded: 0)
System memory in use before: 96.3 MB.
System memory in use after: 96.5 MB.

Unloading 16 unused Assets to reduce memory usage. Loaded Objects now: 2611.
Total: 2.061600 ms (FindLiveObjects: 0.229200 ms CreateObjectMapping: 0.050000 ms MarkObjects: 1.763200 ms  DeleteObjects: 0.018500 ms)

========================================================================
Received Prepare
Registering precompiled user dll's ...
Registered in 0.002349 seconds.
Begin MonoManager ReloadAssembly
Native extension for WindowsStandalone target not found
Native extension for WebGL target not found
Refreshing native plugins compatible for Editor in 0.51 ms, found 3 plugins.
Preloading 0 native plugins for Editor in 0.00 ms.
Mono: successfully reloaded assembly
- Completed reload, in  0.804 seconds
Platform modules already initialized, skipping
Refreshing native plugins compatible for Editor in 0.41 ms, found 3 plugins.
Preloading 0 native plugins for Editor in 0.00 ms.
Unloading 2112 Unused Serialized files (Serialized files now loaded: 0)
System memory in use before: 96.4 MB.
System memory in use after: 96.5 MB.

Unloading 16 unused Assets to reduce memory usage. Loaded Objects now: 2615.
Total: 2.250700 ms (FindLiveObjects: 0.339800 ms CreateObjectMapping: 0.067500 ms MarkObjects: 1.823100 ms  DeleteObjects: 0.019500 ms)

========================================================================
Received Prepare
Registering precompiled user dll's ...
Registered in 0.002332 seconds.
Begin MonoManager ReloadAssembly
Native extension for WindowsStandalone target not found
Native extension for WebGL target not found
Refreshing native plugins compatible for Editor in 0.50 ms, found 3 plugins.
Preloading 0 native plugins for Editor in 0.00 ms.
Mono: successfully reloaded assembly
- Completed reload, in  0.804 seconds
Platform modules already initialized, skipping
Refreshing native plugins compatible for Editor in 0.48 ms, found 3 plugins.
Preloading 0 native plugins for Editor in 0.00 ms.
Unloading 2112 Unused Serialized files (Serialized files now loaded: 0)
System memory in use before: 96.4 MB.
System memory in use after: 96.5 MB.

Unloading 16 unused Assets to reduce memory usage. Loaded Objects now: 2619.
Total: 2.210100 ms (FindLiveObjects: 0.237000 ms CreateObjectMapping: 0.054000 ms MarkObjects: 1.898000 ms  DeleteObjects: 0.020300 ms)

========================================================================
Received Prepare
Registering precompiled user dll's ...
Registered in 0.002822 seconds.
Begin MonoManager ReloadAssembly
Native extension for WindowsStandalone target not found
Native extension for WebGL target not found
Refreshing native plugins compatible for Editor in 0.51 ms, found 3 plugins.
Preloading 0 native plugins for Editor in 0.00 ms.
Mono: successfully reloaded assembly
- Completed reload, in  0.829 seconds
Platform modules already initialized, skipping
Refreshing native plugins compatible for Editor in 0.48 ms, found 3 plugins.
Preloading 0 native plugins for Editor in 0.00 ms.
Unloading 2112 Unused Serialized files (Serialized files now loaded: 0)
System memory in use before: 96.4 MB.
System memory in use after: 96.5 MB.

Unloading 16 unused Assets to reduce memory usage. Loaded Objects now: 2623.
Total: 2.133700 ms (FindLiveObjects: 0.230700 ms CreateObjectMapping: 0.047700 ms MarkObjects: 1.832900 ms  DeleteObjects: 0.021300 ms)

========================================================================
Received Prepare
Registering precompiled user dll's ...
Registered in 0.002253 seconds.
Begin MonoManager ReloadAssembly
Native extension for WindowsStandalone target not found
Native extension for WebGL target not found
Refreshing native plugins compatible for Editor in 0.52 ms, found 3 plugins.
Preloading 0 native plugins for Editor in 0.00 ms.
Mono: successfully reloaded assembly
- Completed reload, in  0.809 seconds
Platform modules already initialized, skipping
Refreshing native plugins compatible for Editor in 0.45 ms, found 3 plugins.
Preloading 0 native plugins for Editor in 0.00 ms.
Unloading 2112 Unused Serialized files (Serialized files now loaded: 0)
System memory in use before: 96.4 MB.
System memory in use after: 96.5 MB.

Unloading 16 unused Assets to reduce memory usage. Loaded Objects now: 2627.
Total: 2.255400 ms (FindLiveObjects: 0.239700 ms CreateObjectMapping: 0.078200 ms MarkObjects: 1.917600 ms  DeleteObjects: 0.019000 ms)

========================================================================
Received Prepare
Registering precompiled user dll's ...
Registered in 0.002217 seconds.
Begin MonoManager ReloadAssembly
Native extension for WindowsStandalone target not found
Native extension for WebGL target not found
Refreshing native plugins compatible for Editor in 0.51 ms, found 3 plugins.
Preloading 0 native plugins for Editor in 0.00 ms.
Mono: successfully reloaded assembly
- Completed reload, in  0.818 seconds
Platform modules already initialized, skipping
Refreshing native plugins compatible for Editor in 0.45 ms, found 3 plugins.
Preloading 0 native plugins for Editor in 0.00 ms.
Unloading 2112 Unused Serialized files (Serialized files now loaded: 0)
System memory in use before: 96.4 MB.
System memory in use after: 96.5 MB.

Unloading 16 unused Assets to reduce memory usage. Loaded Objects now: 2631.
Total: 2.524000 ms (FindLiveObjects: 0.282400 ms CreateObjectMapping: 0.068000 ms MarkObjects: 2.151200 ms  DeleteObjects: 0.021100 ms)

========================================================================
Received Prepare
Registering precompiled user dll's ...
Registered in 0.002588 seconds.
Begin MonoManager ReloadAssembly
Native extension for WindowsStandalone target not found
Native extension for WebGL target not found
Refreshing native plugins compatible for Editor in 0.53 ms, found 3 plugins.
Preloading 0 native plugins for Editor in 0.00 ms.
Mono: successfully reloaded assembly
- Completed reload, in  0.811 seconds
Platform modules already initialized, skipping
Refreshing native plugins compatible for Editor in 0.46 ms, found 3 plugins.
Preloading 0 native plugins for Editor in 0.00 ms.
Unloading 2112 Unused Serialized files (Serialized files now loaded: 0)
System memory in use before: 96.4 MB.
System memory in use after: 96.5 MB.

Unloading 16 unused Assets to reduce memory usage. Loaded Objects now: 2635.
Total: 2.557300 ms (FindLiveObjects: 0.261500 ms CreateObjectMapping: 0.056500 ms MarkObjects: 2.216500 ms  DeleteObjects: 0.021600 ms)

========================================================================
Received Prepare
Registering precompiled user dll's ...
Registered in 0.002345 seconds.
Begin MonoManager ReloadAssembly
Native extension for WindowsStandalone target not found
Native extension for WebGL target not found
Refreshing native plugins compatible for Editor in 0.52 ms, found 3 plugins.
Preloading 0 native plugins for Editor in 0.00 ms.
Mono: successfully reloaded assembly
- Completed reload, in  0.784 seconds
Platform modules already initialized, skipping
Refreshing native plugins compatible for Editor in 0.38 ms, found 3 plugins.
Preloading 0 native plugins for Editor in 0.00 ms.
Unloading 2112 Unused Serialized files (Serialized files now loaded: 0)
System memory in use before: 96.4 MB.
System memory in use after: 96.5 MB.

Unloading 16 unused Assets to reduce memory usage. Loaded Objects now: 2639.
Total: 2.134700 ms (FindLiveObjects: 0.226400 ms CreateObjectMapping: 0.055900 ms MarkObjects: 1.830800 ms  DeleteObjects: 0.020800 ms)

========================================================================
Received Import Request.
  Time since last request: 4121.530798 seconds.
  path: Assets/Prefabs/New Material.mat
  artifactKey: Guid(638f8092a4688a54dab90eb137910d67) Importer(815301076,1909f56bfc062723c751e8b465ee728b)
Start importing Assets/Prefabs/New Material.mat using Guid(638f8092a4688a54dab90eb137910d67) Importer(815301076,1909f56bfc062723c751e8b465ee728b)  -> (artifact id: '6fb64054d9fec4b64577a0bf0c711726') in 0.083181 seconds
  Import took 0.086758 seconds .

========================================================================
Received Import Request.
  Time since last request: 107.444619 seconds.
  path: Assets/Prefabs/New Physic Material.physicMaterial
  artifactKey: Guid(b83188d012e48264fa6a80c59fb10fa9) Importer(815301076,1909f56bfc062723c751e8b465ee728b)
Start importing Assets/Prefabs/New Physic Material.physicMaterial using Guid(b83188d012e48264fa6a80c59fb10fa9) Importer(815301076,1909f56bfc062723c751e8b465ee728b)  -> (artifact id: '5a1026d53fba9ebd1e6c5b6001d2e8ca') in 0.024044 seconds
  Import took 0.027406 seconds .

========================================================================
Received Import Request.
  Time since last request: 13.803390 seconds.
  path: Assets/Prefabs/New Physic Material.physicMaterial
  artifactKey: Guid(b83188d012e48264fa6a80c59fb10fa9) Importer(815301076,1909f56bfc062723c751e8b465ee728b)
Start importing Assets/Prefabs/New Physic Material.physicMaterial using Guid(b83188d012e48264fa6a80c59fb10fa9) Importer(815301076,1909f56bfc062723c751e8b465ee728b)  -> (artifact id: '527ef35259ddccd2a11ced68499f5664') in 0.019670 seconds
  Import took 0.022884 seconds .

========================================================================
Received Import Request.
  Time since last request: 20.458738 seconds.
  path: Assets/Prefabs/New Physics Material 2D.physicsMaterial2D
  artifactKey: Guid(7df0a1844ca1bad42bde178896a51a90) Importer(815301076,1909f56bfc062723c751e8b465ee728b)
Start importing Assets/Prefabs/New Physics Material 2D.physicsMaterial2D using Guid(7df0a1844ca1bad42bde178896a51a90) Importer(815301076,1909f56bfc062723c751e8b465ee728b)  -> (artifact id: 'f693db5cbea03b051fa177a820e9f218') in 0.027022 seconds
  Import took 0.030074 seconds .

========================================================================
Received Import Request.
  Time since last request: 24.503258 seconds.
  path: Assets/Prefabs/New Physics Material 2D.physicsMaterial2D
  artifactKey: Guid(7df0a1844ca1bad42bde178896a51a90) Importer(815301076,1909f56bfc062723c751e8b465ee728b)
Start importing Assets/Prefabs/New Physics Material 2D.physicsMaterial2D using Guid(7df0a1844ca1bad42bde178896a51a90) Importer(815301076,1909f56bfc062723c751e8b465ee728b)  -> (artifact id: '6169d78f8c9b8849eace191cc7cc8289') in 0.019933 seconds
  Import took 0.023157 seconds .

========================================================================
Received Prepare
Registering precompiled user dll's ...
Registered in 0.002245 seconds.
Begin MonoManager ReloadAssembly
Native extension for WindowsStandalone target not found
Native extension for WebGL target not found
Refreshing native plugins compatible for Editor in 0.51 ms, found 3 plugins.
Preloading 0 native plugins for Editor in 0.00 ms.
Mono: successfully reloaded assembly
- Completed reload, in  0.795 seconds
Platform modules already initialized, skipping
Refreshing native plugins compatible for Editor in 0.46 ms, found 3 plugins.
Preloading 0 native plugins for Editor in 0.00 ms.
Unloading 2112 Unused Serialized files (Serialized files now loaded: 0)
System memory in use before: 96.7 MB.
System memory in use after: 96.8 MB.

Unloading 16 unused Assets to reduce memory usage. Loaded Objects now: 2681.
Total: 2.116800 ms (FindLiveObjects: 0.235500 ms CreateObjectMapping: 0.047400 ms MarkObjects: 1.807300 ms  DeleteObjects: 0.025500 ms)

========================================================================
Received Import Request.
  Time since last request: 706.878955 seconds.
  path: Assets/Assets/png
  artifactKey: Guid(485f58bbaacd33341870cce65ab1a57c) Importer(815301076,1909f56bfc062723c751e8b465ee728b)
Start importing Assets/Assets/png using Guid(485f58bbaacd33341870cce65ab1a57c) Importer(815301076,1909f56bfc062723c751e8b465ee728b)  -> (artifact id: '7845e26efc92c0eae3dadbd10a2267cd') in 0.023421 seconds
  Import took 0.026870 seconds .

========================================================================
Received Import Request.
  Time since last request: 0.031010 seconds.
  path: Assets/Assets/png/breath-fire.png
  artifactKey: Guid(7c4fd25de4ba272498d9742402bac699) Importer(815301076,1909f56bfc062723c751e8b465ee728b)
Start importing Assets/Assets/png/breath-fire.png using Guid(7c4fd25de4ba272498d9742402bac699) Importer(815301076,1909f56bfc062723c751e8b465ee728b)  -> (artifact id: '18e6dd61a0ae9f6595e99016678bc6ef') in 0.054138 seconds
  Import took 0.057303 seconds .

========================================================================
Received Import Request.
  Time since last request: 0.000172 seconds.
  path: Assets/Assets/png/demon-attack-no-breath.png
  artifactKey: Guid(b3608b4e74bcf22488beec27a56beb5a) Importer(815301076,1909f56bfc062723c751e8b465ee728b)
Start importing Assets/Assets/png/demon-attack-no-breath.png using Guid(b3608b4e74bcf22488beec27a56beb5a) Importer(815301076,1909f56bfc062723c751e8b465ee728b)  -> (artifact id: '64a15e007b51a03c9fb689fc5a2094ae') in 0.027675 seconds
  Import took 0.030678 seconds .

========================================================================
Received Import Request.
  Time since last request: 0.000206 seconds.
  path: Assets/Assets/png/demon-attack.png
  artifactKey: Guid(fdfccbfaaaf3c1f44a0c2013ccfc5bba) Importer(815301076,1909f56bfc062723c751e8b465ee728b)
Start importing Assets/Assets/png/demon-attack.png using Guid(fdfccbfaaaf3c1f44a0c2013ccfc5bba) Importer(815301076,1909f56bfc062723c751e8b465ee728b)  -> (artifact id: '323f3fe8a0f67d0d84d9ea83b826afae') in 0.029303 seconds
  Import took 0.032789 seconds .

========================================================================
Received Import Request.
  Time since last request: 0.000181 seconds.
  path: Assets/Assets/png/breath.png
  artifactKey: Guid(e7bdfbd21e996af49bbf0aecb3de9314) Importer(815301076,1909f56bfc062723c751e8b465ee728b)
Start importing Assets/Assets/png/breath.png using Guid(e7bdfbd21e996af49bbf0aecb3de9314) Importer(815301076,1909f56bfc062723c751e8b465ee728b)  -> (artifact id: 'ccab89151ba29494094979682954e339') in 0.024203 seconds
  Import took 0.026970 seconds .

========================================================================
Received Import Request.
  Time since last request: 0.000159 seconds.
  path: Assets/Assets/png/demon-idle.png
  artifactKey: Guid(7683a2bc309a68a4d919da28887e2827) Importer(815301076,1909f56bfc062723c751e8b465ee728b)
Start importing Assets/Assets/png/demon-idle.png using Guid(7683a2bc309a68a4d919da28887e2827) Importer(815301076,1909f56bfc062723c751e8b465ee728b)  -> (artifact id: 'bed9effb02d59d614be88fb0107e3f4f') in 0.025590 seconds
  Import took 0.028303 seconds .

========================================================================
Received Import Request.
  Time since last request: 10.858312 seconds.
  path: Assets/Assets/png/demon-attack.png
  artifactKey: Guid(fdfccbfaaaf3c1f44a0c2013ccfc5bba) Importer(815301076,1909f56bfc062723c751e8b465ee728b)
Start importing Assets/Assets/png/demon-attack.png using Guid(fdfccbfaaaf3c1f44a0c2013ccfc5bba) Importer(815301076,1909f56bfc062723c751e8b465ee728b)  -> (artifact id: '5a84a8827e65ecde0bb828fc34dd324b') in 0.027604 seconds
  Import took 0.030817 seconds .

========================================================================
Received Import Request.
  Time since last request: 0.003910 seconds.
  path: Assets/Assets/png/demon-attack.png
  artifactKey: Guid(fdfccbfaaaf3c1f44a0c2013ccfc5bba) Importer(815301076,1909f56bfc062723c751e8b465ee728b)
Start importing Assets/Assets/png/demon-attack.png using Guid(fdfccbfaaaf3c1f44a0c2013ccfc5bba) Importer(815301076,1909f56bfc062723c751e8b465ee728b)  -> (artifact id: '5a84a8827e65ecde0bb828fc34dd324b') in 0.023185 seconds
  Import took 0.026892 seconds .

========================================================================
Received Import Request.
  Time since last request: 19.384653 seconds.
  path: Assets/Assets/png/demon-attack-no-breath.png
  artifactKey: Guid(b3608b4e74bcf22488beec27a56beb5a) Importer(815301076,1909f56bfc062723c751e8b465ee728b)
Start importing Assets/Assets/png/demon-attack-no-breath.png using Guid(b3608b4e74bcf22488beec27a56beb5a) Importer(815301076,1909f56bfc062723c751e8b465ee728b)  -> (artifact id: '396ead72bacf458394b7fa7569db4638') in 0.022988 seconds
  Import took 0.026366 seconds .

========================================================================
Received Import Request.
  Time since last request: 5.664170 seconds.
  path: Assets/Assets/png/demon-attack-no-breath.png
  artifactKey: Guid(b3608b4e74bcf22488beec27a56beb5a) Importer(815301076,1909f56bfc062723c751e8b465ee728b)
Start importing Assets/Assets/png/demon-attack-no-breath.png using Guid(b3608b4e74bcf22488beec27a56beb5a) Importer(815301076,1909f56bfc062723c751e8b465ee728b)  -> (artifact id: '9feb255cf9071956a76fce148c384ac1') in 0.038368 seconds
  Import took 0.041649 seconds .

========================================================================
Received Import Request.
  Time since last request: 28.113009 seconds.
  path: Assets/Assets/png/demon-idle.png
  artifactKey: Guid(7683a2bc309a68a4d919da28887e2827) Importer(815301076,1909f56bfc062723c751e8b465ee728b)
Start importing Assets/Assets/png/demon-idle.png using Guid(7683a2bc309a68a4d919da28887e2827) Importer(815301076,1909f56bfc062723c751e8b465ee728b)  -> (artifact id: '8a754e242565fde482c83353c6d849f8') in 0.030152 seconds
  Import took 0.033497 seconds .

========================================================================
Received Import Request.
  Time since last request: 3.793602 seconds.
  path: Assets/Assets/png/demon-idle.png
  artifactKey: Guid(7683a2bc309a68a4d919da28887e2827) Importer(815301076,1909f56bfc062723c751e8b465ee728b)
Start importing Assets/Assets/png/demon-idle.png using Guid(7683a2bc309a68a4d919da28887e2827) Importer(815301076,1909f56bfc062723c751e8b465ee728b)  -> (artifact id: 'ff7eb1556f316f1133cc6f8464c4ae23') in 0.042598 seconds
  Import took 0.045945 seconds .

========================================================================
Received Import Request.
  Time since last request: 371.972840 seconds.
  path: Assets/Assets/Necromancer
  artifactKey: Guid(7f812c6205d251b4d8e80c1fa3c45d6b) Importer(815301076,1909f56bfc062723c751e8b465ee728b)
Start importing Assets/Assets/Necromancer using Guid(7f812c6205d251b4d8e80c1fa3c45d6b) Importer(815301076,1909f56bfc062723c751e8b465ee728b)  -> (artifact id: 'b9f07c9746e4f22df2bdb51e0777fd7c') in 0.020108 seconds
  Import took 0.023509 seconds .

========================================================================
Received Import Request.
  Time since last request: 0.048895 seconds.
  path: Assets/Assets/Necromancer/Animacionesnecromancerpng.png
  artifactKey: Guid(dc76c49f4576fb44f99add96b0eb0ce5) Importer(815301076,1909f56bfc062723c751e8b465ee728b)
Start importing Assets/Assets/Necromancer/Animacionesnecromancerpng.png using Guid(dc76c49f4576fb44f99add96b0eb0ce5) Importer(815301076,1909f56bfc062723c751e8b465ee728b)  -> (artifact id: '4b3082e6ddcd66ab7b530202f280cbee') in 0.045314 seconds
  Import took 0.048619 seconds .

========================================================================
Received Import Request.
  Time since last request: 11.029279 seconds.
  path: Assets/Assets/gothicvania-cemetery-files/demo/assets/atlas/atlas.png
  artifactKey: Guid(73b6e718af8dd47349867684c37558d7) Importer(815301076,1909f56bfc062723c751e8b465ee728b)
Start importing Assets/Assets/gothicvania-cemetery-files/demo/assets/atlas/atlas.png using Guid(73b6e718af8dd47349867684c37558d7) Importer(815301076,1909f56bfc062723c751e8b465ee728b)  -> (artifact id: 'bb497366f761de28559524cc1d6b26df') in 0.030717 seconds
  Import took 0.034076 seconds .

========================================================================
Received Import Request.
  Time since last request: 0.000196 seconds.
  path: Assets/Assets/gothicvania-cemetery-files/demo/assets/environment/bg-graveyard.png
  artifactKey: Guid(23d80a9cb02634966be976f87e41fa2d) Importer(815301076,1909f56bfc062723c751e8b465ee728b)
Start importing Assets/Assets/gothicvania-cemetery-files/demo/assets/environment/bg-graveyard.png using Guid(23d80a9cb02634966be976f87e41fa2d) Importer(815301076,1909f56bfc062723c751e8b465ee728b)  -> (artifact id: 'df2fb23667f69f798756d134861329b1') in 0.027995 seconds
  Import took 0.031388 seconds .

========================================================================
Received Import Request.
  Time since last request: 0.000178 seconds.
  path: Assets/Assets/gothicvania-cemetery-files/demo/assets/environment/bg-mountains.png
  artifactKey: Guid(de5f3219b340a498da90617863d6e9da) Importer(815301076,1909f56bfc062723c751e8b465ee728b)
Start importing Assets/Assets/gothicvania-cemetery-files/demo/assets/environment/bg-mountains.png using Guid(de5f3219b340a498da90617863d6e9da) Importer(815301076,1909f56bfc062723c751e8b465ee728b)  -> (artifact id: 'a811f252fb6a11fcdf195f071cb41d30') in 0.027291 seconds
  Import took 0.030484 seconds .

========================================================================
Received Import Request.
  Time since last request: 0.000185 seconds.
  path: Assets/Assets/gothicvania-cemetery-files/demo/assets/atlas/atlas.png
  artifactKey: Guid(73b6e718af8dd47349867684c37558d7) Importer(815301076,1909f56bfc062723c751e8b465ee728b)
Start importing Assets/Assets/gothicvania-cemetery-files/demo/assets/atlas/atlas.png using Guid(73b6e718af8dd47349867684c37558d7) Importer(815301076,1909f56bfc062723c751e8b465ee728b)  -> (artifact id: 'bb497366f761de28559524cc1d6b26df') in 0.023882 seconds
  Import took 0.027194 seconds .

========================================================================
Received Import Request.
  Time since last request: 0.000228 seconds.
  path: Assets/Assets/gothicvania-cemetery-files/demo/assets/atlas/atlas-props.png
  artifactKey: Guid(4c1608068de3f4b90bc0eca34faec80f) Importer(815301076,1909f56bfc062723c751e8b465ee728b)
Start importing Assets/Assets/gothicvania-cemetery-files/demo/assets/atlas/atlas-props.png using Guid(4c1608068de3f4b90bc0eca34faec80f) Importer(815301076,1909f56bfc062723c751e8b465ee728b)  -> (artifact id: '9dc29eafa2e18eb94676550db46534a6') in 0.029344 seconds
  Import took 0.032728 seconds .

========================================================================
Received Import Request.
  Time since last request: 0.000172 seconds.
  path: Assets/Assets/gothicvania-cemetery-files/demo/assets/environment/bg-moon.png
  artifactKey: Guid(bdace19a7ebf640118c8b78f280ac76c) Importer(815301076,1909f56bfc062723c751e8b465ee728b)
Start importing Assets/Assets/gothicvania-cemetery-files/demo/assets/environment/bg-moon.png using Guid(bdace19a7ebf640118c8b78f280ac76c) Importer(815301076,1909f56bfc062723c751e8b465ee728b)  -> (artifact id: '5b7b6a3b3ea17f51b7b14700539836f5') in 0.025713 seconds
  Import took 0.028605 seconds .

========================================================================
Received Import Request.
  Time since last request: 0.879813 seconds.
  path: Assets/Assets/InteractObject/BloodStone.png
  artifactKey: Guid(85b9e9ed3f28b3d4c8670ecaf6ded7c2) Importer(815301076,1909f56bfc062723c751e8b465ee728b)
Start importing Assets/Assets/InteractObject/BloodStone.png using Guid(85b9e9ed3f28b3d4c8670ecaf6ded7c2) Importer(815301076,1909f56bfc062723c751e8b465ee728b)  -> (artifact id: '44f592c8d25d8a8d834da7851c62ebbc') in 0.028002 seconds
  Import took 0.031258 seconds .

========================================================================
Received Import Request.
  Time since last request: 0.000184 seconds.
  path: Assets/Assets/gothicvania-cemetery-files/PNG/Environment/sliced-objects/bush-large.png
  artifactKey: Guid(4970686d38ab04d62ab878d317ca24e0) Importer(815301076,1909f56bfc062723c751e8b465ee728b)
Start importing Assets/Assets/gothicvania-cemetery-files/PNG/Environment/sliced-objects/bush-large.png using Guid(4970686d38ab04d62ab878d317ca24e0) Importer(815301076,1909f56bfc062723c751e8b465ee728b)  -> (artifact id: '20865911804027ddb8482cedcd15c676') in 0.025472 seconds
  Import took 0.028623 seconds .

========================================================================
Received Import Request.
  Time since last request: 0.000171 seconds.
  path: Assets/Assets/gothicvania-cemetery-files/PNG/Environment/sliced-objects/carretapng2.png
  artifactKey: Guid(c5eb014635c2b63498e3e8640b5ef23e) Importer(815301076,1909f56bfc062723c751e8b465ee728b)
Start importing Assets/Assets/gothicvania-cemetery-files/PNG/Environment/sliced-objects/carretapng2.png using Guid(c5eb014635c2b63498e3e8640b5ef23e) Importer(815301076,1909f56bfc062723c751e8b465ee728b)  -> (artifact id: 'e26e7bae5d753052431689787448086d') in 0.025780 seconds
  Import took 0.028974 seconds .

========================================================================
Received Import Request.
  Time since last request: 0.000168 seconds.
  path: Assets/Assets/gothicvania-cemetery-files/PNG/Environment/sliced-objects/bush-small.png
  artifactKey: Guid(1ee50a27466c94fadbc701b5beab568f) Importer(815301076,1909f56bfc062723c751e8b465ee728b)
Start importing Assets/Assets/gothicvania-cemetery-files/PNG/Environment/sliced-objects/bush-small.png using Guid(1ee50a27466c94fadbc701b5beab568f) Importer(815301076,1909f56bfc062723c751e8b465ee728b)  -> (artifact id: '68c8fab96b5a5ef44df1fc0b10d09dd1') in 0.025215 seconds
  Import took 0.028392 seconds .

========================================================================
Received Import Request.
  Time since last request: 0.000295 seconds.
  path: Assets/Assets/gothicvania-cemetery-files/PSD/concepts.psd
  artifactKey: Guid(7b3ff3cc9ce294fc6aa3974293bf8b32) Importer(815301076,1909f56bfc062723c751e8b465ee728b)
Start importing Assets/Assets/gothicvania-cemetery-files/PSD/concepts.psd using Guid(7b3ff3cc9ce294fc6aa3974293bf8b32) Importer(815301076,1909f56bfc062723c751e8b465ee728b)  -> (artifact id: '40d3a7ab26b5df9439675dcd638119bf') in 0.039402 seconds
  Import took 0.042189 seconds .

========================================================================
Received Import Request.
  Time since last request: 0.000161 seconds.
  path: Assets/Assets/gothicvania-cemetery-files/demo/assets/sprites/credits-text.png
  artifactKey: Guid(6d82457495ba84571b560f4301ed9b9f) Importer(815301076,1909f56bfc062723c751e8b465ee728b)
Start importing Assets/Assets/gothicvania-cemetery-files/demo/assets/sprites/credits-text.png using Guid(6d82457495ba84571b560f4301ed9b9f) Importer(815301076,1909f56bfc062723c751e8b465ee728b)  -> (artifact id: '3bcbd2ee7610289923e5c0a472b81755') in 0.043816 seconds
  Import took 0.046498 seconds .

========================================================================
Received Import Request.
  Time since last request: 0.464920 seconds.
  path: Assets/Assets/gothicvania-cemetery-files/GIFS/misc/enemy-death.gif
  artifactKey: Guid(d9e1482a04f7743d6987c724f89c229d) Importer(815301076,1909f56bfc062723c751e8b465ee728b)
Start importing Assets/Assets/gothicvania-cemetery-files/GIFS/misc/enemy-death.gif using Guid(d9e1482a04f7743d6987c724f89c229d) Importer(815301076,1909f56bfc062723c751e8b465ee728b)  -> (artifact id: '693e24b4964527a3d6bfe3488af9c65d') in 0.045748 seconds
  Import took 0.049026 seconds .

========================================================================
Received Import Request.
  Time since last request: 0.000166 seconds.
  path: Assets/Assets/gothicvania-cemetery-files/PNG/Sprites/enemy-death/enemy-death-1.png
  artifactKey: Guid(00e363dd9cba94cceb1050ed53e1cfb7) Importer(815301076,1909f56bfc062723c751e8b465ee728b)
Start importing Assets/Assets/gothicvania-cemetery-files/PNG/Sprites/enemy-death/enemy-death-1.png using Guid(00e363dd9cba94cceb1050ed53e1cfb7) Importer(815301076,1909f56bfc062723c751e8b465ee728b)  -> (artifact id: 'db7617a36404335e6340abeee40421ac') in 0.023856 seconds
  Import took 0.026536 seconds .

========================================================================
Received Import Request.
  Time since last request: 0.000207 seconds.
  path: Assets/Assets/gothicvania-cemetery-files/PNG/Sprites/enemy-death/enemy-death-3.png
  artifactKey: Guid(36ba48103d9dc46ffb8595b823c3c8dd) Importer(815301076,1909f56bfc062723c751e8b465ee728b)
Start importing Assets/Assets/gothicvania-cemetery-files/PNG/Sprites/enemy-death/enemy-death-3.png using Guid(36ba48103d9dc46ffb8595b823c3c8dd) Importer(815301076,1909f56bfc062723c751e8b465ee728b)  -> (artifact id: '62bbd3f1eaa535d738bcb9cd3b17eadf') in 0.023987 seconds
  Import took 0.027131 seconds .

========================================================================
Received Import Request.
  Time since last request: 0.000221 seconds.
  path: Assets/Assets/gothicvania-cemetery-files/PNG/Sprites/enemy-death/enemy-death-2.png
  artifactKey: Guid(5040aca9663c840499e800c37805a576) Importer(815301076,1909f56bfc062723c751e8b465ee728b)
Start importing Assets/Assets/gothicvania-cemetery-files/PNG/Sprites/enemy-death/enemy-death-2.png using Guid(5040aca9663c840499e800c37805a576) Importer(815301076,1909f56bfc062723c751e8b465ee728b)  -> (artifact id: 'af113a5c9c3c52d157ab4d02710bb0ea') in 0.028368 seconds
  Import took 0.031652 seconds .

========================================================================
Received Import Request.
  Time since last request: 0.000189 seconds.
  path: Assets/Assets/gothicvania-cemetery-files/PSD/environment/environment.psd
  artifactKey: Guid(42b4e281d04b342cca3b95645818e735) Importer(815301076,1909f56bfc062723c751e8b465ee728b)
Start importing Assets/Assets/gothicvania-cemetery-files/PSD/environment/environment.psd using Guid(42b4e281d04b342cca3b95645818e735) Importer(815301076,1909f56bfc062723c751e8b465ee728b)  -> (artifact id: '382a03e283192da6797faece37d604b0') in 0.031767 seconds
  Import took 0.035103 seconds .

========================================================================
Received Import Request.
  Time since last request: 0.000151 seconds.
  path: Assets/Assets/gothicvania-cemetery-files/PNG/Sprites/enemy-death/enemy-death-5.png
  artifactKey: Guid(faa4468521e364608b3ce29bf1685f73) Importer(815301076,1909f56bfc062723c751e8b465ee728b)
Start importing Assets/Assets/gothicvania-cemetery-files/PNG/Sprites/enemy-death/enemy-death-5.png using Guid(faa4468521e364608b3ce29bf1685f73) Importer(815301076,1909f56bfc062723c751e8b465ee728b)  -> (artifact id: 'fdc8787174b170924f497f22632cf663') in 0.023970 seconds
  Import took 0.026698 seconds .

========================================================================
Received Import Request.
  Time since last request: 0.000184 seconds.
  path: Assets/Assets/gothicvania-cemetery-files/PNG/Sprites/enemy-death/enemy-death-4.png
  artifactKey: Guid(8200053df9e1a4904a1a1b91cf4f8b1d) Importer(815301076,1909f56bfc062723c751e8b465ee728b)
Start importing Assets/Assets/gothicvania-cemetery-files/PNG/Sprites/enemy-death/enemy-death-4.png using Guid(8200053df9e1a4904a1a1b91cf4f8b1d) Importer(815301076,1909f56bfc062723c751e8b465ee728b)  -> (artifact id: '9b9a331e0849e8e6f968f621788c5a0f') in 0.027790 seconds
  Import took 0.030486 seconds .

========================================================================
Received Import Request.
  Time since last request: 0.000198 seconds.
  path: Assets/Assets/gothicvania-cemetery-files/PSD/sprites/enemy-death.psd
  artifactKey: Guid(c39b2e97da5bc450cac0ef14b338c851) Importer(815301076,1909f56bfc062723c751e8b465ee728b)
Start importing Assets/Assets/gothicvania-cemetery-files/PSD/sprites/enemy-death.psd using Guid(c39b2e97da5bc450cac0ef14b338c851) Importer(815301076,1909f56bfc062723c751e8b465ee728b)  -> (artifact id: '3b5a4be5b118b56ed20c6045a9ec1d9a') in 0.043980 seconds
  Import took 0.046751 seconds .

========================================================================
Received Import Request.
  Time since last request: 3.579938 seconds.
  path: Assets/Prefabs/NecromancerBoos 1.prefab
  artifactKey: Guid(64229de5897208b4bbd1f1d4fd188819) Importer(815301076,1909f56bfc062723c751e8b465ee728b)
Start importing Assets/Prefabs/NecromancerBoos 1.prefab using Guid(64229de5897208b4bbd1f1d4fd188819) Importer(815301076,1909f56bfc062723c751e8b465ee728b)  -> (artifact id: 'c648e5401183d3653eaadc48e84bbda7') in 0.050527 seconds
  Import took 0.054189 seconds .

========================================================================
Received Import Request.
  Time since last request: 4.388420 seconds.
  path: Assets/Prefabs/NecromancerBoos 1.prefab
  artifactKey: Guid(64229de5897208b4bbd1f1d4fd188819) Importer(815301076,1909f56bfc062723c751e8b465ee728b)
Start importing Assets/Prefabs/NecromancerBoos 1.prefab using Guid(64229de5897208b4bbd1f1d4fd188819) Importer(815301076,1909f56bfc062723c751e8b465ee728b)  -> (artifact id: '3c45e5fd849fe51a3df313fd3d4954d8') in 0.027289 seconds
  Import took 0.030779 seconds .

========================================================================
Received Import Request.
  Time since last request: 5.012978 seconds.
  path: Assets/Prefabs/NecromancerBoos 1.prefab
  artifactKey: Guid(64229de5897208b4bbd1f1d4fd188819) Importer(815301076,1909f56bfc062723c751e8b465ee728b)
Start importing Assets/Prefabs/NecromancerBoos 1.prefab using Guid(64229de5897208b4bbd1f1d4fd188819) Importer(815301076,1909f56bfc062723c751e8b465ee728b)  -> (artifact id: 'cec2c97fa5c987742322f2440f87bfb1') in 0.027887 seconds
  Import took 0.031392 seconds .

========================================================================
Received Import Request.
  Time since last request: 0.002073 seconds.
  path: Assets/Prefabs/NecromancerBoos 1.prefab
  artifactKey: Guid(64229de5897208b4bbd1f1d4fd188819) Importer(815301076,1909f56bfc062723c751e8b465ee728b)
Start importing Assets/Prefabs/NecromancerBoos 1.prefab using Guid(64229de5897208b4bbd1f1d4fd188819) Importer(815301076,1909f56bfc062723c751e8b465ee728b)  -> (artifact id: 'cec2c97fa5c987742322f2440f87bfb1') in 0.026321 seconds
  Import took 0.029394 seconds .

========================================================================
Received Import Request.
  Time since last request: 0.542998 seconds.
  path: Assets/Prefabs/NecromancerBoos 1.prefab
  artifactKey: Guid(64229de5897208b4bbd1f1d4fd188819) Importer(815301076,1909f56bfc062723c751e8b465ee728b)
Start importing Assets/Prefabs/NecromancerBoos 1.prefab using Guid(64229de5897208b4bbd1f1d4fd188819) Importer(815301076,1909f56bfc062723c751e8b465ee728b)  -> (artifact id: '73253b47a4131731c43fd40afd67db55') in 0.027433 seconds
  Import took 0.030854 seconds .

========================================================================
Received Import Request.
  Time since last request: 2.412034 seconds.
  path: Assets/Prefabs/NecromancerBoos 1.prefab
  artifactKey: Guid(64229de5897208b4bbd1f1d4fd188819) Importer(815301076,1909f56bfc062723c751e8b465ee728b)
Start importing Assets/Prefabs/NecromancerBoos 1.prefab using Guid(64229de5897208b4bbd1f1d4fd188819) Importer(815301076,1909f56bfc062723c751e8b465ee728b)  -> (artifact id: '58b3e540c4b2b003691b055bf8a0f217') in 0.028846 seconds
  Import took 0.032303 seconds .

========================================================================
Received Import Request.
  Time since last request: 65.622392 seconds.
  path: Assets/Prefabs/NecromancerBoos 1.prefab
  artifactKey: Guid(64229de5897208b4bbd1f1d4fd188819) Importer(815301076,1909f56bfc062723c751e8b465ee728b)
Start importing Assets/Prefabs/NecromancerBoos 1.prefab using Guid(64229de5897208b4bbd1f1d4fd188819) Importer(815301076,1909f56bfc062723c751e8b465ee728b)  -> (artifact id: '940db0f6b892a0a33c4e2f7bafd9edde') in 0.030272 seconds
  Import took 0.033809 seconds .

========================================================================
Received Import Request.
  Time since last request: 1.767744 seconds.
  path: Assets/Prefabs/NecromancerBoos 1.prefab
  artifactKey: Guid(64229de5897208b4bbd1f1d4fd188819) Importer(815301076,1909f56bfc062723c751e8b465ee728b)
Start importing Assets/Prefabs/NecromancerBoos 1.prefab using Guid(64229de5897208b4bbd1f1d4fd188819) Importer(815301076,1909f56bfc062723c751e8b465ee728b)  -> (artifact id: '6aa8188a8cafa44398ae64d5155a617d') in 0.028688 seconds
  Import took 0.032218 seconds .

========================================================================
Received Import Request.
  Time since last request: 2.481207 seconds.
  path: Assets/Prefabs/NecromancerBoos 1.prefab
  artifactKey: Guid(64229de5897208b4bbd1f1d4fd188819) Importer(815301076,1909f56bfc062723c751e8b465ee728b)
Start importing Assets/Prefabs/NecromancerBoos 1.prefab using Guid(64229de5897208b4bbd1f1d4fd188819) Importer(815301076,1909f56bfc062723c751e8b465ee728b)  -> (artifact id: 'e83b96ad670d9d5f47e02d3b5a76edf1') in 0.028957 seconds
  Import took 0.032523 seconds .

========================================================================
Received Import Request.
  Time since last request: 2.260247 seconds.
  path: Assets/Prefabs/NecromancerBoos 1.prefab
  artifactKey: Guid(64229de5897208b4bbd1f1d4fd188819) Importer(815301076,1909f56bfc062723c751e8b465ee728b)
Start importing Assets/Prefabs/NecromancerBoos 1.prefab using Guid(64229de5897208b4bbd1f1d4fd188819) Importer(815301076,1909f56bfc062723c751e8b465ee728b)  -> (artifact id: 'f090285770864cfcfd509e5d6ece25e8') in 0.027124 seconds
  Import took 0.030728 seconds .

========================================================================
Received Import Request.
  Time since last request: 9.737202 seconds.
  path: Assets/Prefabs/NecromancerBoos 1.prefab
  artifactKey: Guid(64229de5897208b4bbd1f1d4fd188819) Importer(815301076,1909f56bfc062723c751e8b465ee728b)
Start importing Assets/Prefabs/NecromancerBoos 1.prefab using Guid(64229de5897208b4bbd1f1d4fd188819) Importer(815301076,1909f56bfc062723c751e8b465ee728b)  -> (artifact id: 'fe109cdd7ee47a73a7b1f33ba2a121d4') in 0.027471 seconds
  Import took 0.030921 seconds .

========================================================================
Received Import Request.
  Time since last request: 2.232766 seconds.
  path: Assets/Prefabs/NecromancerBoos 1.prefab
  artifactKey: Guid(64229de5897208b4bbd1f1d4fd188819) Importer(815301076,1909f56bfc062723c751e8b465ee728b)
Start importing Assets/Prefabs/NecromancerBoos 1.prefab using Guid(64229de5897208b4bbd1f1d4fd188819) Importer(815301076,1909f56bfc062723c751e8b465ee728b)  -> (artifact id: '2983ce52bb422d8b96a1788a8221f6e6') in 0.027182 seconds
  Import took 0.030617 seconds .

========================================================================
Received Import Request.
  Time since last request: 5.351146 seconds.
  path: Assets/Prefabs/NecromancerBoos 1.prefab
  artifactKey: Guid(64229de5897208b4bbd1f1d4fd188819) Importer(815301076,1909f56bfc062723c751e8b465ee728b)
Start importing Assets/Prefabs/NecromancerBoos 1.prefab using Guid(64229de5897208b4bbd1f1d4fd188819) Importer(815301076,1909f56bfc062723c751e8b465ee728b)  -> (artifact id: '5bd9d15c2ba4d37ed4e03267cacf2480') in 0.027523 seconds
  Import took 0.031119 seconds .

========================================================================
Received Import Request.
  Time since last request: 1.423542 seconds.
  path: Assets/Prefabs/NecromancerBoos 1.prefab
  artifactKey: Guid(64229de5897208b4bbd1f1d4fd188819) Importer(815301076,1909f56bfc062723c751e8b465ee728b)
Start importing Assets/Prefabs/NecromancerBoos 1.prefab using Guid(64229de5897208b4bbd1f1d4fd188819) Importer(815301076,1909f56bfc062723c751e8b465ee728b)  -> (artifact id: 'b99f6261d1ff6e062c2ccc55f321a4f4') in 0.028692 seconds
  Import took 0.032223 seconds .

========================================================================
Received Import Request.
  Time since last request: 2.031263 seconds.
  path: Assets/Prefabs/NecromancerBoos 1.prefab
  artifactKey: Guid(64229de5897208b4bbd1f1d4fd188819) Importer(815301076,1909f56bfc062723c751e8b465ee728b)
Start importing Assets/Prefabs/NecromancerBoos 1.prefab using Guid(64229de5897208b4bbd1f1d4fd188819) Importer(815301076,1909f56bfc062723c751e8b465ee728b)  -> (artifact id: '9c992e7c5b7ec3de2843a4a0876b30ca') in 0.028253 seconds
  Import took 0.031699 seconds .

========================================================================
Received Import Request.
  Time since last request: 1.206158 seconds.
  path: Assets/Prefabs/NecromancerBoos 1.prefab
  artifactKey: Guid(64229de5897208b4bbd1f1d4fd188819) Importer(815301076,1909f56bfc062723c751e8b465ee728b)
Start importing Assets/Prefabs/NecromancerBoos 1.prefab using Guid(64229de5897208b4bbd1f1d4fd188819) Importer(815301076,1909f56bfc062723c751e8b465ee728b)  -> (artifact id: '9fee5fc0cf874d340a01fe7c7418bb5d') in 0.026491 seconds
  Import took 0.029881 seconds .

========================================================================
Received Import Request.
  Time since last request: 1.416819 seconds.
  path: Assets/Prefabs/NecromancerBoos 1.prefab
  artifactKey: Guid(64229de5897208b4bbd1f1d4fd188819) Importer(815301076,1909f56bfc062723c751e8b465ee728b)
Start importing Assets/Prefabs/NecromancerBoos 1.prefab using Guid(64229de5897208b4bbd1f1d4fd188819) Importer(815301076,1909f56bfc062723c751e8b465ee728b)  -> (artifact id: 'bc324f106881b2c8c3310faf13192add') in 0.027398 seconds
  Import took 0.030865 seconds .

========================================================================
Received Import Request.
  Time since last request: 1.217416 seconds.
  path: Assets/Prefabs/NecromancerBoos 1.prefab
  artifactKey: Guid(64229de5897208b4bbd1f1d4fd188819) Importer(815301076,1909f56bfc062723c751e8b465ee728b)
Start importing Assets/Prefabs/NecromancerBoos 1.prefab using Guid(64229de5897208b4bbd1f1d4fd188819) Importer(815301076,1909f56bfc062723c751e8b465ee728b)  -> (artifact id: '8cdd134392401986276eebd208596757') in 0.026500 seconds
  Import took 0.029952 seconds .

========================================================================
Received Import Request.
  Time since last request: 3.050346 seconds.
  path: Assets/Prefabs/NecromancerBoos 1.prefab
  artifactKey: Guid(64229de5897208b4bbd1f1d4fd188819) Importer(815301076,1909f56bfc062723c751e8b465ee728b)
Start importing Assets/Prefabs/NecromancerBoos 1.prefab using Guid(64229de5897208b4bbd1f1d4fd188819) Importer(815301076,1909f56bfc062723c751e8b465ee728b)  -> (artifact id: '203be215568f2809c6c674395c117713') in 0.033458 seconds
  Import took 0.036983 seconds .

========================================================================
Received Import Request.
  Time since last request: 1.789352 seconds.
  path: Assets/Prefabs/NecromancerBoos 1.prefab
  artifactKey: Guid(64229de5897208b4bbd1f1d4fd188819) Importer(815301076,1909f56bfc062723c751e8b465ee728b)
Start importing Assets/Prefabs/NecromancerBoos 1.prefab using Guid(64229de5897208b4bbd1f1d4fd188819) Importer(815301076,1909f56bfc062723c751e8b465ee728b)  -> (artifact id: '6bc9d410c1ab0b22973608df268bc743') in 0.027123 seconds
  Import took 0.030674 seconds .

========================================================================
Received Import Request.
  Time since last request: 4.681304 seconds.
  path: Assets/Prefabs/NecromancerBoos 1.prefab
  artifactKey: Guid(64229de5897208b4bbd1f1d4fd188819) Importer(815301076,1909f56bfc062723c751e8b465ee728b)
Start importing Assets/Prefabs/NecromancerBoos 1.prefab using Guid(64229de5897208b4bbd1f1d4fd188819) Importer(815301076,1909f56bfc062723c751e8b465ee728b)  -> (artifact id: 'b6318ca63ea2018683fe5e68ccd3bfa7') in 0.028947 seconds
  Import took 0.032376 seconds .

========================================================================
Received Import Request.
  Time since last request: 2.835846 seconds.
  path: Assets/Prefabs/NecromancerBoos 1.prefab
  artifactKey: Guid(64229de5897208b4bbd1f1d4fd188819) Importer(815301076,1909f56bfc062723c751e8b465ee728b)
Start importing Assets/Prefabs/NecromancerBoos 1.prefab using Guid(64229de5897208b4bbd1f1d4fd188819) Importer(815301076,1909f56bfc062723c751e8b465ee728b)  -> (artifact id: '1655edce5e86be0406224d39ca24939b') in 0.027497 seconds
  Import took 0.031179 seconds .

========================================================================
Received Import Request.
  Time since last request: 5.167475 seconds.
  path: Assets/Prefabs/NecromancerBoos 1.prefab
  artifactKey: Guid(64229de5897208b4bbd1f1d4fd188819) Importer(815301076,1909f56bfc062723c751e8b465ee728b)
Start importing Assets/Prefabs/NecromancerBoos 1.prefab using Guid(64229de5897208b4bbd1f1d4fd188819) Importer(815301076,1909f56bfc062723c751e8b465ee728b)  -> (artifact id: 'be31fb53c893d3b8c8fc18adb7c581bc') in 0.026728 seconds
  Import took 0.030859 seconds .

========================================================================
Received Import Request.
  Time since last request: 6.545966 seconds.
  path: Assets/Prefabs/NecromancerBoos 1.prefab
  artifactKey: Guid(64229de5897208b4bbd1f1d4fd188819) Importer(815301076,1909f56bfc062723c751e8b465ee728b)
Start importing Assets/Prefabs/NecromancerBoos 1.prefab using Guid(64229de5897208b4bbd1f1d4fd188819) Importer(815301076,1909f56bfc062723c751e8b465ee728b)  -> (artifact id: 'c67136faf06b352cf3b671b4d3bf395a') in 0.027454 seconds
  Import took 0.031036 seconds .

========================================================================
Received Import Request.
  Time since last request: 2.053565 seconds.
  path: Assets/Prefabs/NecromancerBoos 1.prefab
  artifactKey: Guid(64229de5897208b4bbd1f1d4fd188819) Importer(815301076,1909f56bfc062723c751e8b465ee728b)
Start importing Assets/Prefabs/NecromancerBoos 1.prefab using Guid(64229de5897208b4bbd1f1d4fd188819) Importer(815301076,1909f56bfc062723c751e8b465ee728b)  -> (artifact id: 'e6485172346518f987bd580ab97acf60') in 0.026428 seconds
  Import took 0.029839 seconds .

========================================================================
Received Import Request.
  Time since last request: 2.036625 seconds.
  path: Assets/Prefabs/NecromancerBoos 1.prefab
  artifactKey: Guid(64229de5897208b4bbd1f1d4fd188819) Importer(815301076,1909f56bfc062723c751e8b465ee728b)
Start importing Assets/Prefabs/NecromancerBoos 1.prefab using Guid(64229de5897208b4bbd1f1d4fd188819) Importer(815301076,1909f56bfc062723c751e8b465ee728b)  -> (artifact id: '646375d8fa32a13d044289c54777ccec') in 0.027885 seconds
  Import took 0.031352 seconds .

========================================================================
Received Import Request.
  Time since last request: 6.774868 seconds.
  path: Assets/Prefabs/NecromancerBoos 1.prefab
  artifactKey: Guid(64229de5897208b4bbd1f1d4fd188819) Importer(815301076,1909f56bfc062723c751e8b465ee728b)
Start importing Assets/Prefabs/NecromancerBoos 1.prefab using Guid(64229de5897208b4bbd1f1d4fd188819) Importer(815301076,1909f56bfc062723c751e8b465ee728b)  -> (artifact id: '9b8e7e36d7d46ca2d6075558dbbd1268') in 0.027081 seconds
  Import took 0.030551 seconds .

========================================================================
Received Import Request.
  Time since last request: 1.576834 seconds.
  path: Assets/Prefabs/NecromancerBoos 1.prefab
  artifactKey: Guid(64229de5897208b4bbd1f1d4fd188819) Importer(815301076,1909f56bfc062723c751e8b465ee728b)
Start importing Assets/Prefabs/NecromancerBoos 1.prefab using Guid(64229de5897208b4bbd1f1d4fd188819) Importer(815301076,1909f56bfc062723c751e8b465ee728b)  -> (artifact id: '270a9783127ae544104bed46fbb6cb36') in 0.026052 seconds
  Import took 0.029463 seconds .

========================================================================
Received Import Request.
  Time since last request: 1.787316 seconds.
  path: Assets/Prefabs/NecromancerBoos 1.prefab
  artifactKey: Guid(64229de5897208b4bbd1f1d4fd188819) Importer(815301076,1909f56bfc062723c751e8b465ee728b)
Start importing Assets/Prefabs/NecromancerBoos 1.prefab using Guid(64229de5897208b4bbd1f1d4fd188819) Importer(815301076,1909f56bfc062723c751e8b465ee728b)  -> (artifact id: 'd88c88c89619fbead83e8cf7cdd8ab19') in 0.026653 seconds
  Import took 0.030096 seconds .

========================================================================
Received Import Request.
  Time since last request: 1.179230 seconds.
  path: Assets/Prefabs/NecromancerBoos 1.prefab
  artifactKey: Guid(64229de5897208b4bbd1f1d4fd188819) Importer(815301076,1909f56bfc062723c751e8b465ee728b)
Start importing Assets/Prefabs/NecromancerBoos 1.prefab using Guid(64229de5897208b4bbd1f1d4fd188819) Importer(815301076,1909f56bfc062723c751e8b465ee728b)  -> (artifact id: 'ef81864f6b57a5d7a6f738a49a6a77e4') in 0.026033 seconds
  Import took 0.029628 seconds .

========================================================================
Received Import Request.
  Time since last request: 66.428199 seconds.
  path: Assets/Animations/nemies/NecromancerBoos.controller
  artifactKey: Guid(b234a84685a43a747ae887e76422d2d6) Importer(815301076,1909f56bfc062723c751e8b465ee728b)
Start importing Assets/Animations/nemies/NecromancerBoos.controller using Guid(b234a84685a43a747ae887e76422d2d6) Importer(815301076,1909f56bfc062723c751e8b465ee728b)  -> (artifact id: '40ea6bcbc106059a3baaf487152c4a85') in 0.025298 seconds
  Import took 0.028521 seconds .

========================================================================
Received Import Request.
  Time since last request: 85.860476 seconds.
  path: Assets/Animations/nemies/NecromancerBoos.controller
  artifactKey: Guid(b234a84685a43a747ae887e76422d2d6) Importer(815301076,1909f56bfc062723c751e8b465ee728b)
Start importing Assets/Animations/nemies/NecromancerBoos.controller using Guid(b234a84685a43a747ae887e76422d2d6) Importer(815301076,1909f56bfc062723c751e8b465ee728b)  -> (artifact id: 'ddbe5927481facb2aa2b8460c65f6631') in 0.022360 seconds
  Import took 0.025687 seconds .

========================================================================
Received Prepare
Registering precompiled user dll's ...
Registered in 0.002633 seconds.
Begin MonoManager ReloadAssembly
Native extension for WindowsStandalone target not found
Native extension for WebGL target not found
Refreshing native plugins compatible for Editor in 0.51 ms, found 3 plugins.
Preloading 0 native plugins for Editor in 0.00 ms.
Mono: successfully reloaded assembly
- Completed reload, in  0.797 seconds
Platform modules already initialized, skipping
Refreshing native plugins compatible for Editor in 0.51 ms, found 3 plugins.
Preloading 0 native plugins for Editor in 0.00 ms.
Unloading 2112 Unused Serialized files (Serialized files now loaded: 0)
System memory in use before: 97.2 MB.
System memory in use after: 97.4 MB.

Unloading 16 unused Assets to reduce memory usage. Loaded Objects now: 2745.
Total: 2.302400 ms (FindLiveObjects: 0.310500 ms CreateObjectMapping: 0.062500 ms MarkObjects: 1.907600 ms  DeleteObjects: 0.020800 ms)

========================================================================
Received Prepare
Registering precompiled user dll's ...
Registered in 0.002328 seconds.
Begin MonoManager ReloadAssembly
Native extension for WindowsStandalone target not found
Native extension for WebGL target not found
Refreshing native plugins compatible for Editor in 0.53 ms, found 3 plugins.
Preloading 0 native plugins for Editor in 0.00 ms.
Mono: successfully reloaded assembly
- Completed reload, in  0.801 seconds
Platform modules already initialized, skipping
Refreshing native plugins compatible for Editor in 0.50 ms, found 3 plugins.
Preloading 0 native plugins for Editor in 0.00 ms.
Unloading 2112 Unused Serialized files (Serialized files now loaded: 0)
System memory in use before: 97.2 MB.
System memory in use after: 97.4 MB.

Unloading 16 unused Assets to reduce memory usage. Loaded Objects now: 2749.
Total: 2.368700 ms (FindLiveObjects: 0.334600 ms CreateObjectMapping: 0.062200 ms MarkObjects: 1.949400 ms  DeleteObjects: 0.021600 ms)

========================================================================
Received Prepare
Registering precompiled user dll's ...
Registered in 0.002334 seconds.
Begin MonoManager ReloadAssembly
Native extension for WindowsStandalone target not found
Native extension for WebGL target not found
Refreshing native plugins compatible for Editor in 0.51 ms, found 3 plugins.
Preloading 0 native plugins for Editor in 0.00 ms.
Mono: successfully reloaded assembly
- Completed reload, in  0.788 seconds
Platform modules already initialized, skipping
Refreshing native plugins compatible for Editor in 0.43 ms, found 3 plugins.
Preloading 0 native plugins for Editor in 0.00 ms.
Unloading 2112 Unused Serialized files (Serialized files now loaded: 0)
System memory in use before: 97.2 MB.
System memory in use after: 97.5 MB.

Unloading 16 unused Assets to reduce memory usage. Loaded Objects now: 2753.
Total: 2.027000 ms (FindLiveObjects: 0.280500 ms CreateObjectMapping: 0.064200 ms MarkObjects: 1.665100 ms  DeleteObjects: 0.016300 ms)

========================================================================
Received Prepare
Registering precompiled user dll's ...
Registered in 0.002379 seconds.
Begin MonoManager ReloadAssembly
Native extension for WindowsStandalone target not found
Native extension for WebGL target not found
Refreshing native plugins compatible for Editor in 0.54 ms, found 3 plugins.
Preloading 0 native plugins for Editor in 0.00 ms.
Mono: successfully reloaded assembly
- Completed reload, in  0.801 seconds
Platform modules already initialized, skipping
Refreshing native plugins compatible for Editor in 0.42 ms, found 3 plugins.
Preloading 0 native plugins for Editor in 0.00 ms.
Unloading 2112 Unused Serialized files (Serialized files now loaded: 0)
System memory in use before: 97.2 MB.
System memory in use after: 97.5 MB.

Unloading 16 unused Assets to reduce memory usage. Loaded Objects now: 2757.
Total: 2.203900 ms (FindLiveObjects: 0.281000 ms CreateObjectMapping: 0.054400 ms MarkObjects: 1.845800 ms  DeleteObjects: 0.021500 ms)

========================================================================
Received Prepare
Registering precompiled user dll's ...
Registered in 0.002442 seconds.
Begin MonoManager ReloadAssembly
Native extension for WindowsStandalone target not found
Native extension for WebGL target not found
Refreshing native plugins compatible for Editor in 0.51 ms, found 3 plugins.
Preloading 0 native plugins for Editor in 0.00 ms.
Mono: successfully reloaded assembly
- Completed reload, in  0.791 seconds
Platform modules already initialized, skipping
Refreshing native plugins compatible for Editor in 0.48 ms, found 3 plugins.
Preloading 0 native plugins for Editor in 0.00 ms.
Unloading 2112 Unused Serialized files (Serialized files now loaded: 0)
System memory in use before: 97.2 MB.
System memory in use after: 97.5 MB.

Unloading 16 unused Assets to reduce memory usage. Loaded Objects now: 2761.
Total: 2.073200 ms (FindLiveObjects: 0.287500 ms CreateObjectMapping: 0.056300 ms MarkObjects: 1.714100 ms  DeleteObjects: 0.014300 ms)

========================================================================
Received Import Request.
  Time since last request: 485.949451 seconds.
  path: Assets/Prefabs/NecromancerBoos 1.prefab
  artifactKey: Guid(64229de5897208b4bbd1f1d4fd188819) Importer(815301076,1909f56bfc062723c751e8b465ee728b)
Start importing Assets/Prefabs/NecromancerBoos 1.prefab using Guid(64229de5897208b4bbd1f1d4fd188819) Importer(815301076,1909f56bfc062723c751e8b465ee728b)  -> (artifact id: 'fb796c3b25e43c1ff08ea9eff0d6c089') in 0.060911 seconds
  Import took 0.064397 seconds .

========================================================================
Received Import Request.
  Time since last request: 0.878638 seconds.
  path: Assets/Prefabs/NecromancerBoos 1.prefab
  artifactKey: Guid(64229de5897208b4bbd1f1d4fd188819) Importer(815301076,1909f56bfc062723c751e8b465ee728b)
Start importing Assets/Prefabs/NecromancerBoos 1.prefab using Guid(64229de5897208b4bbd1f1d4fd188819) Importer(815301076,1909f56bfc062723c751e8b465ee728b)  -> (artifact id: 'f23fe06be1682daf6bd1f5aa78dfe586') in 0.028286 seconds
  Import took 0.031945 seconds .

========================================================================
Received Prepare
Registering precompiled user dll's ...
Registered in 0.002285 seconds.
Begin MonoManager ReloadAssembly
Native extension for WindowsStandalone target not found
Native extension for WebGL target not found
Refreshing native plugins compatible for Editor in 0.52 ms, found 3 plugins.
Preloading 0 native plugins for Editor in 0.00 ms.
Mono: successfully reloaded assembly
- Completed reload, in  0.791 seconds
Platform modules already initialized, skipping
Refreshing native plugins compatible for Editor in 0.43 ms, found 3 plugins.
Preloading 0 native plugins for Editor in 0.00 ms.
Unloading 2112 Unused Serialized files (Serialized files now loaded: 0)
System memory in use before: 97.3 MB.
System memory in use after: 97.5 MB.

Unloading 16 unused Assets to reduce memory usage. Loaded Objects now: 2766.
Total: 2.284700 ms (FindLiveObjects: 0.262300 ms CreateObjectMapping: 0.060700 ms MarkObjects: 1.941500 ms  DeleteObjects: 0.019300 ms)

AssetImportWorkerClient::OnTransportError - code=2 error=End of file
